PocketMine-MP Crash Dump Tue Apr 28 01:48:51 UTC 2020

Error: Cannot use object of type stdClass as array
File: plugins/PocketVote-PocketMine.phar/src/ProjectInfinity/PocketVote/task/TopVoterTask
Line: 57
Type: Error

THIS CRASH WAS CAUSED BY A PLUGIN
BAD PLUGIN: PocketVote v3.0.1

Code:
[48] 
[49]     public function onCompletion(Server $server): void {
[50]         if(!$this->hasResult()) {
[51]             $server->getLogger()->error('[PocketVote] TopVoterTask - Failed to retrieve top voters. Try again later.');
[52]             return;
[53]         }
[54] 
[55]         $result = $this->getResult();
[56] 
[57]         if(!$result['success'] && isset($result['error'])) {
[58]             $server->getLogger()->error('[PocketVote] TopVoterTask - An error occurred while contacting the PocketVote servers, please try again later.');
[59]             $server->getLogger()->error('[PocketVote] curl error occurred during TopVoterTask: '.$result['error']);
[60]             return;
[61]         }
[62] 
[63]         if(!$result['success']) {
[64]             $server->getLogger()->error('[PocketVote] TopVoterTask - An error occurred while contacting the PocketVote servers, please try again later.');
[65]             return;
[66]         }
[67] 

Backtrace:
#0 src/pocketmine/scheduler/AsyncPool(304): ProjectInfinity\PocketVote\task\TopVoterTask->onCompletion(object pocketmine\Server)
#1 src/pocketmine/Server(2384): pocketmine\scheduler\AsyncPool->collectTasks()
#2 src/pocketmine/Server(2143): pocketmine\Server->tick()
#3 src/pocketmine/Server(1990): pocketmine\Server->tickProcessor()
#4 src/pocketmine/Server(1584): pocketmine\Server->start()
#5 src/pocketmine/PocketMine(273): pocketmine\Server->__construct(object BaseClassLoader, object pocketmine\utils\MainLogger, string[17] /home/sureiya/sc/, string[25] /home/sureiya/sc/plugins/)
#6 src/pocketmine/PocketMine(296): pocketmine\server()
#7 (11): require(string[72] phar:///home/sureiya/sc/PocketMine-MP.phar/src/pocketmine/PocketMine.php)

PocketMine-MP version: 3.12.0 [Protocol 390]
Git commit: 77d45bf11674a1360f58e32a14a3b09f423d860c
uname -a: Linux vmi294308.contaboserver.net 4.15.0-72-generic #81-Ubuntu SMP Tue Nov 26 12:20:02 UTC 2019 x86_64
PHP Version: 7.3.14
Zend version: 3.3.14
OS : Linux, linux

Loaded plugins:
AdvancedJoin 1.1.0 by tim03we for API(s) 3.0.0
ScoreHud 5.1.1 by JackMD for API(s) 3.0.0
SpawnParticles 1 by UnknownCoderPro for API(s) 3.0.0, 3.2.0, 3.3.0, 4.0.0
AllSigns 1.0.13 by survanetwork for API(s) 3.0.0
Worlds 3.0.3 by survanetwork for API(s) 3.0.0
EasyCommandAutofill 1.0.1 by jasonwynn10 for API(s) 3.0.0
essentialsTP 1.2.2 by  for API(s) 3.0.0
MCPEToDiscord 1.4.1 by JaxkDev for API(s) 3.0.0
PocketVote 3.0.1 by ProjectInfinity for API(s) 3.0.0
Slapper 1.5.2 by jojoe77777 for API(s) 3.9.0
SlapperRotation 1.2.1 by jojoe77777 for API(s) 3.0.0
AutoClearLagg 3.0.1 by Twisted for API(s) 3.0.0
MSpawns 2.2 by EvolSoft for API(s) 3.0.0
Texter 3.4.7 by yuko_fuyutsuki, mfmfnek0, onebone, ogiwara, Shootsta_ERU0531, Toganon, ShadowArt, Marron0421, No4NaMe, SuperYYT, SuperAdam47, minijaham for API(s) 3.10.0
MultiWorld 1.5.2 by CzechPMDevs, VixikCZ, fuyutsuki, kaliiks for API(s) 3.0.0
PurePerms 1.4.3 by 64FF00 & ProjectInfinity for API(s) 3.0.0
DevTools 1.14.0 by PocketMine Team for API(s) 3.11.3
MyPlot 1.6.14 by Wiez, Exxarion, jasonwynn10 for API(s) 3.4.0
BuilderTools 1.2.0-beta2 by CzechPMDevs, VixikCZ for API(s) 3.0.0
WorldProtect 2.3.8 by aliuly for API(s) 3.0.0
Broadcaster 1.5 by EvolSoft for API(s) 3.0.0
StairSeat 1.4.0 by korado531m7 for API(s) 3.9.0
PureChat 1.4.11 by 64FF00 for API(s) 3.0.0
SizePlayer 1.1.0 by  for API(s) 3.0.0

----------------------REPORT THE DATA BELOW THIS LINE-----------------------

===BEGIN CRASH DUMP===
eNrtW3lz20aW/yq9dCqWtwiKpw6m5CqNJG88a8Vai45nNnS5mkCThAWgETQgisnmu+/vvW5clOw4
iTI1f0RlF4E+3t3v6G783FnqLJb5h1uVmVAnnemw28nDWHWmg8nRUX90NBkNup1Imvwiy3TWmf7c
ybcpujv2vduJlTFyRS1nMkl0LgqjhF58VH4u9FLQaGHy4AwwjJD4l2Vyi3nLIopehBFNTNcym+7v
7691rPZNkalwK/eNv59GxSpMzP6V9m9U/r3OlWcfL8NE9WjWvsn8/atME7aXyTJMwnzbGL6fS3Oz
P9MpvWQzvGBWSsgd4sdHAOARJnemk0NIMpM+Hn/oPOkLApTyxBj9YG+tgiJS2f6p2Sb+ldbR3qg/
fjYVO9jm8xrdfE745vMmQu+5Ts50nEYqhwL3nORrTPP5tcqg3meg7MlglwzbtzccHRHq5qyKwPm8
otB77usoAnxCbPYY5PBTIAfj0Q5I2+M9z0P/xk4efWLy4Pi4/5nJEJEPs9OZhTL+FJTJPa5KKCaX
WW5nT3Zn1yawNzz8FA8fPvg6MXlW+Hkp879Jo9jMX2kZqKwrHtBFkYeRmc8vZZi80qsVjQKQMFn9
MDh8L+6tgKp3OHmgtzRfZuPgc2wcH+xq10qIZx6KvcEA/Zn6sQgztedQHg7fi0+tzBq2d3lVL5QH
sdOSe9Z5/0u3ox7bhfwrVjHotgg+hMmtjm5VrJIcWAOIys87ZS9aaoBo9XWgiNXxEXrwPj7Gr8Bf
Wiyi0BfLIvFpwYrW6rXWJb6y6oFObnUYiJ8xf9J38+kvXO79x1f5OjTe87U0b5QpIhjzMztw0BhI
fw6Y93ylcmtze8+856yLvac/1ES/F00JCE+8kJBvIHINy4BJqFuF5xQkYYjpiVm2FXIFQxaRREvv
6bNvCP1wBz3mFlnCXaNG1y/UMLaymUwaHV9lzI44EY5DkF1yyFAO3KTDXYHYiT88NYVP3uHpe/H1
1yI0RuV7VR+z/fR9Kaujx5LVaSJ4lNC+X2QZxLZZQ3oCTiKXUHSyEvlaiRqCsJhMV0D3cBwif1ic
x7+bQtAR7RIVFLS0W8RPxdPePfEQ6oP+JzV5MNjR5MHQKuVg9KtKsZI/GP+7S/5g8mn2D3bZJ1vs
/PJXwP8r4P8V8MuA3+2sVKIyGVEYTCTVFJ0WGJCygATr2qMz6g2GvT61F2EUoAY5PB51O6H5EKjb
znQpI6MQbzOda5hlZzo67gNJSNH48DAYTxbLweDgcCwHo4P+cnKkRkM5GMvRon+8HA9HwdFB3wfs
TN5E4QJz+iW2wlH3KkyKO3Ebh8Pj8ah/1GMXstBWdL1E5WLcG0x6fe9w6DFviONPjgbe20WR5IW4
vrwSs0KJ7/StGB6IwXA67E/7Q/F2diaG/cGxuDs6+ADHBxZQhIDmHvil159UEjD37h3dH7QpCUID
v0T8UqUjhsR6GtzKxFfB3zVlIJWYW83dTi3gQW/AHMsiX+vMkKdCtdcfbRTpS6YhtYx6fQzCu0rk
AhlAZwqrh+ADlYJQmoQ+o5f5ebMhlpwEOXDzuXQ0fAQN8ChtiiIsGDKH19ezd6/fvDpH00YtTJgr
50ivfZ2pb4ugwVTV1GRoAoYGbYb+Lv2by/PH4sdCgxtw2OunL2IjlZvkCp4n9CNlmsy0O1o6arPz
NrlJ9AYeHx4GbvAeX138Dt3viH/Hf4TfNmHWcX0Jp6dRdB2ukiaPVVPbArHsRm0W4WdgHSrf6Ozm
sfTGMGGFUWSIBlhgTc1nmVnneWrgAt0q6zGgnqNu/0kJkHh+p7MoaHLsGpr8EhP/OnY3TMB8XhHy
R1i1wIjRC2m2SDlimQSnRa5RdzWd+kO991TeFsFHaXSy2SbJoP9YEmiAnM8fIOnLTRmJBkq8ENFm
dtVgs9Xc5m/YG7b4eySWmhjn8x38v8rG5dnVxUyfhwb+qulH2+1tRsb3nendzTmC7yN60/nc4SZC
vlwrjep6N59wJXd70e0wspNkPxZDn83dW9T9eqyIZJqqrBkkXEtbR5MdY+t81B+1OqS/FlfHf8Cb
WMRfppzSiyARWxcLJE3xfk3RfslDzeAbncucmdlltOrZXV2DL2L4j0S9NgG/IezBu5yhjMxeydWq
Gfta7b9im7NNaHJQ/FgpmAWH4AcifCIiAhGIgDs0/VatOjJRHEZFfHm234ZHHoeTh2ZALFuaAth1
lp2LWx1dg5fH4t8hhRIr7I7V69npm9nbqwcZ3Ww2PQVKCGovvyF+Zuouby1I19BW57h32OZnW9zo
D8tiW+SmuAlpf3MZLxN1Q7mZTtQC/+lpFW5kJvF0vdY6R3364eLN2/5kRMYx0yuZ8EK4XstAb04z
2mm8lFmmk/54SEO+0+Pv5CVBui5guv/856x8PA1kPCaaUJeFH+Vaxi3JDn6zaDsvdBafXr3sNGxM
32z1fJ7GcTqfW7HM52dIjH+HXVWi2nfyJVMqojzkLKZpTXXjr7jEs5+Uv766ROQi7X8f3oU3Z//L
h061Vm5kFIY35rGszieUaYxKFZYXE6WcP8EKm1T/Vtk0GNlvAKJ4iOL8SmVxc7nVbbthfScFPRi/
eNHvi6/FnxQWP1gECIElRY3H3yEGnltu81dwIAUIZqaxaBtCqJp2Ct/xbuVbb0aImdpdJAOI7Hcy
XxKARKcm5Qs8UJPfirT9Cgatiu1VpPPmirANbU4P7C5Cg9N3ofoJLRd3dzKz8fVTCfj4N/uGC18n
Ot6SeyiTtEt4ODqfuagy1qsLvJ5ffB869GzF1/k2Ym/6UAHRcOfMI9ZRyetnRElC+hvtHals1yxa
zbsJRt9bqFx+kRP5M9zFwtKWW6vZofSPuIwWqLJixZrP6ehqp24tm9uxetQ7aksFXrOIHs1RWGiu
cE0tBbvZ1xeumcsizJahioLGrqRX7pjmmVL7sUT+ku23uCWDyYDH576mvTRad6LNn5u+NBDDFlpU
/L405jqXYXatZFPjddtupNhxkjc6QwKCrCR+tOqiAXI+rwhpPH5ROYgocLZu8VQ13atpBw9Fv9+k
r0ZofSA9knyUa2h7rtv5h7oNdQGX55XtnU8ERiK2fnqEsMhgSOPhT2iX23Y1WTd+fkv4sWoqwveK
8EG11fOv65Z2uJEYx4qOmYmK3gOnD6wFuy8Pr4GkNw9pf7Xz5Kp6E2caWc1K0C2BeTZPnrzIQnGa
ZmI4pr350eF0OHJ788M+DYhksirkSp2oZEXvsc6Dk3nR78vDyP6Mr33k6pGwb5OzTC5z8X/udfAG
ir+VZe8BgXCHmqnO8pPB8WA0pMbNGqx6EYqpE71cUgvdeigSn9wVyciT/pqO2+mmgSnHGKplPOci
obqTAWOI5Z2bZU4mzMYKoot1oE74bakzwK3aHDBIMKBt7PI9vU3LxyBcLkMfqebWArCHOLnOPKNy
Ok41Jyws0Bd5ZFonVigsjLrHKBU0BtIdjpPzixenb1/NqNUalPdjobLtCQruuilDPlHSQs+9VBqD
8BCc/Cf/QVrIETwjb5WbeBuqjRdAnHTCcDIYU9vdQt95ZNJuDJ2qVFGht40jshVBcYYOimEmRcaV
P1uLgNBEy+ZgPWK2VoYOj60QhMwUHywj1zF4kLnw7eWVhRJh4kdFoAI8iHtWSrCudaz4ast9mEYu
VVdo9GSGQIpFpuSN2Ooic7BEuBRQZohgRxigR7qJgigKwN+pTQVuP1BLCUUasdHJ01zQFofMBIkv
BrO+jKItUUjXLCzfm7VKRJGu4J8BoDdPyIItsOk8EeLJu7UiwuhOCFK7QACEO7CEDDKZGDpBD2w3
kxppoAGreFI5ywsZT+grsUayF7EEY4JszbRcgVPBZ33UYdZFjgI48dwloamYd9wtGT/SRgXzDlN2
GkV6I2hR0Ym/C/viNpTif8jGaAwbW5kRTAW5Mp6K+nsjJNmB0SDJIbLCkA4UXUkyoD2FqJlF5LsY
CZcZGAJS93ggjc4MGwgu2LJLSGBc0NoTMAlInchdbIXTFY13C6HqbkjjyTvkxjA5KE4GgbCXK4wl
lc7JQZKkU1vyHAJaXSiSCqSvfizgmaCXVXiLsXBThRJ7Dik84DOCbjFiCSpyWB70SgfWU3Qz7u+K
eAGxw2z5fgDfv6CTAroNxAPeQh28dkpOadg6Q31QwDzoBkFXcKInnFPBgutCFjFkZygcsWwQC6gt
LhKYKA2xwK/ZfsATzDjTdyFMWEEMYImXRlIRR7J1BL1c0mKgMWT0XRHmTyE+uu+BpkCRJ2Wb3Jks
9sAD3UEbsliYDc9xOmVQu4tBsvVlRZKQOgNyeTplJXBqb3oC6bh7FnG4WsNbZNKsu83V7SyTJJJl
RZrbViswEkwM2hxfrFwYHMSEZWhXnOS7YoV5mAKyEbI5DUHDunoNQ8Ngzw6qLA1xBfEi29pV/1+R
XsB6KNAL246FFoc5OY9YreRim0Pi4tqKus/CDQ3B5ukz0tomZMmzRcErbDwLqDQywxwuQ5AIlwfq
E4a1RNpeorRGDm0VvDxXGorS5AfIKgjRisn0mLSp6BMXwM4+Pl9DzMG/PQeUOX2Ofgrbf4x+Qzf4
iATnnyuSHDgj4D4o4sKxlgQR1pKqQX84doSxE3jHq8LRZ54+AoW8Lpgk8hiC73QliG5C3Sm/YO+u
Lcl2RVI0rEarOx95h6k5so7r9exiKmbfvrwWr15evpzBeV+9enlxLa4u3gikoP998aYrMEjMXmPU
hXj37etXF+Lqzeuzi+vr3q4LaMljODlw4kBxEGqO+OSIDTHorxW7ZJZG5WwHkD1iTcC+hYd4cIXK
ulkGhcQVfMJBw5qI308ZmzUye90NMiEXZIcxZAsErrd25DYiMY7XFEMokeAJvfujyRZc2g+1pcqn
fMNKlsi1erVzKx5gXio1NaujvuPVPHuYJMf5yHG+ktkCK8Nzl87g+9kBPSxdXmpEjpsl3Cz47lgm
BWc3TUqQ+RWwwWfdMibsGmFphja8LpeAZfmN6yXYE6+tz7cGj/REF1FQ0RIiiGwSUdNvLOCUyQej
B/2+4xXYXrCzuBck2XQshIq3ZabjMtja2W6E1zTNpoaJG6fJe7YhHjCplnVclxkpqSwDJjJDZ8hB
Eac2fbM5onAdHnWU+jqnQW4C085klhzQJe6NwmKXDwgYQRuBDxhuFd3eLRQ5hnwNra3KdJacFmGr
qeqWirQ5gstae5YaGvpJOVEB5a+L5MaUtJ/JlFrDuIgRYxFeM1FWF6RIYcstS0UtV1ovTpS8Yu7b
GLL51FHECD1KswsE3XGlsXNtu3Zt2l4UL+HbweUSsrDcwCZnnDl4PopJVfF2DlI4V0H6yFdjtUsw
LJRUUtEj7BzLYc0dpjl5Wn5KzDS4znZJgHQoWML9PKjP2eE8cVdRpi5EIDVb68immAuZo0imVJ9J
RtYEE3JBhn2bLa1crw0tC1Ulmza8PWlqqewit5ptcwLeFd6goUBWHiP28pIYFwLYa9d5LBe9lEIG
lnMqljjRp8lodGT1xLfIBWFLJ5zcibOrt13MBQ0LrK9NGMDsOVew3rOC7zH8qTgs0+46IzcsncbY
njgN4KjWMlruo1a1ZUKgYMMOFZAK2pIhA2ssxDrsNYA1S5GLO/JqlGLKqGudJqF+Fyao1/j7AI4X
mjPpt1fJVZmH18UnlRk0aYOISjCLNEk9975T+Fy6BWnCn1SlasrYSw3TUUOZTSGjt5bTiLrj46Gd
9KwnrtycSGYrniBdFezMhDEuM7ki7qAusGXSiJMZKm1jEE9+QGakwrMopH0artXpRq0yubicvWVK
DVgithdFLmhvgLVco7N1R690Q3FeeDRrytTSAgjUolhNy1rmuRhQDeMyOapaub+sWI0t5lVZydI0
ZygDAmb9loV2ttaoUck4yxJGlUUqO7dA5lIYeVs6UdpuKXenqK9e7xIxHZ5Aybz0MaDUXtUtU2Yu
t2BCnK6YFBkapy+J9qMwFTwXcryUW8iQjCXWt2UFS+7f+Uz2W17ZZ1Ga2luU207N7YoZ7zdYA7Af
OtqdGh7rtF0YV+r7sPrc+gU3x7NzpiJFQnEbRoTG+jy3nh0WctoyWVVJdULTot3Y0S1HtfarHtwi
slXeaayLhL+AsvHJmjiJ0u73cTCi5cy1OxRDzxxNMPkNx5bGZGY8UbZWXCgLbKGWZJG8t1h+KWGh
s9J5y7EVpSz7hKhiHytTyF1SU3thH9gUAsBDVPYfJlNmgBTwvgsbIogtJ9NvRc2IrZsqaa9IYZHK
NLwFX3phRLzN2tiKeXnOyBaRpiySliTJU2WkaeS1cF2xcNwJt/NQRjue02Id8DwxFE/ECjWLqcVT
725UEurdF5FbrBsZclEDx1Eop5tUp0VUGqN7IbfPY5yLOCJ8nAx7qVvV5FxpoU5FmWbyVqndzpm6
gEe7T1xi2WYbL5y6QEe9LxDUYiNz9+iLtp2marW1m9M1MrOlbigEi8yz5xfVyLUmxTApPbpG0gs1
U5zoZBtTiWDoLpYBh6Ymneoe1y/qfmaBPZZcrTIUm3Zjqdq5o0SKvsy52eWP6cMCfn3+mr6G8JwP
tKGAfMJG2TxUYuVsGKNhwmsGuK3X2FtG5Kkkby3TKueeUKFP2+9sCUEv8ZzrbqZT3K6bokOGmpCZ
NHZ5unCP6Vp2BZ1jc7zKq4wFnnep6MsojxxQQvHA9pZxxe4ZydaukTsgasSbAtkZQhs7sdJXOICs
edtf4rinactrU9U5SujKVbuAREBpfJk3kGbJXxJC3g5zk8qtz16NwPU0MZTS/HzIc17bateuisYu
Q7ktnIe5k2e5n7B2jewwqCBwOaZzGLQ9izQ+4CQrXFaAkKmDEbvZTw6oLLKtiwM85yHLwCajUBqX
wSPpkvTll3ujHAA0Ol1NS6XZPtgt7fZMxQ8cvBE+u7z9856A2rvdVZRsHkIwG5RIZWHgCuzyCIgr
54cCFsdzDtCGc0kuzOi6Emh10bZJvsXLNNhHQcdFFBRs8KoxTsWLV6ez6fCbw+7k+G7QHd2NusNv
Bt8EytfWxe7R0b5PvvXkqG89sX0bT57ZrMfu9zfrWrvCKbRAxm7biTMP3jeC1vytsJ96FVnpk8tk
Pqs28tnjAA4ilc8nMaYUmFeeMsAWbHr35AW7GkbF41tACk4U3GfGjRaPc61evUOmUy4F1R0cn3F1
kH9D6bLhnB8SWYRIVLe2ZOZxxC9IQZZuo4hdM5ZLho9cJKt8dafboUt4ieGD6+nPHb7U1/hYiVZx
8z0KF3d8nFa1wCgSY1pNqd8GYn4EkWrU+gjKfpRVvS98pF7rZgudJCWBzFpt2TbNNX/MNeJrtb77
trweUWQtUhDh6WJLvz8aDIbHdBXKuHPwQz4Hv7561Rpu3BWhY/vBOV8SqbuXeetLrlXQeotbnWuE
upYQkACCndYUXiuB/TrN3nuOF/aArTkq3kKA/M2YexITulU8pK184dHHZpP+uH+Ix69eYlkd+j7+
HR+og8PJ8iA4HKqJv+wvhweHy/GRGhwc+kO5WAxH4qsSdthWXpK3RHh1/rrVH+gPPGu30Wq5NXPd
Vl8dNz9wVsRfS9pP81gZqTbhXWuC23jjm7cQEH0Y2O1kClomi10VVp7l/Ddq6bZPWoJfx7qlmeuQ
vNI/LluaN0ybaTaFq0WYyGxrP1XkS6e5vlEJErIWWzsLAq9E9L0xmyzcMaet5JlDaJPXRJjaGxoT
vP7yy/8D1/t0vQ==
===END CRASH DUMP===
